<?xml version="1.0" encoding="UTF-8"?>
<!-- Generated by org.testng.reporters.JUnitXMLReporter -->
<testsuite hostname="Xahid" ignored="1" name="Test(failed)" tests="1" failures="1" timestamp="26 Mar 2023 07:50:59 GMT" time="0.06" errors="0">
  <testcase name="searchSpecificProduct" time="0.041" classname="march22.SearchProduct">
    <failure type="java.lang.AssertionError" message="Some Reason">
      <![CDATA[java.lang.AssertionError: Some Reason
at march22.SearchProduct.searchSpecificProduct(SearchProduct.java:16)
... Removed 30 stack frames]]>
    </failure>
  </testcase> <!-- searchSpecificProduct -->
  <testcase name="searchProduct" time="0.0" classname="march22.SearchProduct">
    <ignored/>
  </testcase> <!-- searchProduct -->
</testsuite> <!-- Test(failed) -->
