<?xml version="1.0" encoding="UTF-8"?>
<!-- Generated by org.testng.reporters.JUnitXMLReporter -->
<testsuite ignored="0" hostname="Xahid" failures="0" tests="4" name="Test" time="0.072" errors="0" timestamp="2023-03-26T03:00:51 EDT">
  <testcase classname="march22.LogIn" name="loginUser" time="0.009"/>
  <testcase classname="march22.SearchProduct" name="searchProduct" time="0.002"/>
  <testcase classname="march22.Register" name="registerUser" time="0.001"/>
  <testcase classname="march22.LogOut" name="logoutUser" time="0.002"/>
</testsuite> <!-- Test -->
