<?xml version="1.0" encoding="UTF-8"?>
<!-- Generated by org.testng.reporters.JUnitXMLReporter -->
<testsuite hostname="Xahid" ignored="0" name="Test" tests="5" failures="1" timestamp="26 Mar 2023 07:44:56 GMT" time="0.031" errors="0">
  <testcase name="loginUser" time="0.005" classname="march22.LogIn"/>
  <testcase name="searchProduct" time="0.0" classname="march22.SearchProduct"/>
  <testcase name="searchSpecificProduct" time="0.003" classname="march22.SearchProduct">
    <failure type="java.lang.AssertionError" message="Some Reason">
      <![CDATA[java.lang.AssertionError: Some Reason
at march22.SearchProduct.searchSpecificProduct(SearchProduct.java:16)
... Removed 30 stack frames]]>
    </failure>
  </testcase> <!-- searchSpecificProduct -->
  <testcase name="registerUser" time="0.0" classname="march22.Register"/>
  <testcase name="logoutUser" time="0.0" classname="march22.LogOut"/>
</testsuite> <!-- Test -->
